[debug] [2019-11-19T04:44:50.281Z] ----------------------------------------------------------------------
[debug] [2019-11-19T04:44:50.283Z] Command:       /Users/uskay/.nvm/versions/node/v8.11.3/bin/node /Users/uskay/.nvm/versions/node/v8.11.3/bin/firebase deploy
[debug] [2019-11-19T04:44:50.283Z] CLI Version:   6.5.0
[debug] [2019-11-19T04:44:50.283Z] Platform:      darwin
[debug] [2019-11-19T04:44:50.283Z] Node Version:  v8.11.3
[debug] [2019-11-19T04:44:50.284Z] Time:          Tue Nov 19 2019 13:44:50 GMT+0900 (JST)
[debug] [2019-11-19T04:44:50.284Z] ----------------------------------------------------------------------
[debug] 
[debug] [2019-11-19T04:44:50.291Z] > command requires scopes: ["email","openid","https://www.googleapis.com/auth/cloudplatformprojects.readonly","https://www.googleapis.com/auth/firebase","https://www.googleapis.com/auth/cloud-platform"]
[debug] [2019-11-19T04:44:50.292Z] > authorizing via signed-in user
[debug] [2019-11-19T04:44:50.292Z] [iam] checking project blog-cfb61 for permissions ["cloudfunctions.functions.create","cloudfunctions.functions.delete","cloudfunctions.functions.get","cloudfunctions.functions.list","cloudfunctions.functions.update","cloudfunctions.operations.get","firebase.projects.get","firebasehosting.sites.update"]
[debug] [2019-11-19T04:44:50.293Z] >>> HTTP REQUEST POST https://cloudresourcemanager.googleapis.com/v1/projects/blog-cfb61:testIamPermissions  

[debug] [2019-11-19T04:44:51.045Z] <<< HTTP RESPONSE 200
[debug] [2019-11-19T04:44:51.047Z] >>> HTTP REQUEST GET https://firebase.googleapis.com/v1beta1/projects/blog-cfb61  
 
[debug] [2019-11-19T04:44:51.874Z] <<< HTTP RESPONSE 200
[info] 
[info] === Deploying to 'blog-cfb61'...
[info] 
[info] i  deploying functions, hosting
[debug] [2019-11-19T04:44:53.541Z] > [functions] package.json contents: {
  "name": "functions",
  "description": "Cloud Functions for Firebase",
  "scripts": {
    "serve": "firebase serve --only functions",
    "shell": "firebase experimental:functions:shell",
    "start": "npm run shell",
    "deploy": "firebase deploy --only functions",
    "logs": "firebase functions:log"
  },
  "dependencies": {
    "firebase-admin": "^8.7.0",
    "firebase-functions": "^3.3.0",
    "node-fetch": "^2.0.0",
    "useragent": "^2.3.0"
  },
  "engines": {
    "node": "8"
  },
  "private": true
}
[info] i  functions: ensuring necessary APIs are enabled...
[debug] [2019-11-19T04:44:53.543Z] >>> HTTP REQUEST GET https://servicemanagement.googleapis.com/v1/services/cloudfunctions.googleapis.com/projectSettings/blog-cfb61?view=CONSUMER_VIEW  
 
[debug] [2019-11-19T04:44:53.543Z] >>> HTTP REQUEST GET https://servicemanagement.googleapis.com/v1/services/runtimeconfig.googleapis.com/projectSettings/blog-cfb61?view=CONSUMER_VIEW  
 
[debug] [2019-11-19T04:44:55.032Z] <<< HTTP RESPONSE 200
[debug] [2019-11-19T04:44:55.139Z] <<< HTTP RESPONSE 200
[info] ✔  functions: all necessary APIs are enabled
[debug] [2019-11-19T04:44:55.140Z] >>> HTTP REQUEST GET https://cloudresourcemanager.googleapis.com/v1/projects/blog-cfb61  
 
[debug] [2019-11-19T04:44:55.924Z] <<< HTTP RESPONSE 200
[debug] [2019-11-19T04:44:55.925Z] >>> HTTP REQUEST GET https://mobilesdk-pa.googleapis.com/v1/projects/1062789889080:getServerAppConfig  
 
[debug] [2019-11-19T04:44:56.233Z] <<< HTTP RESPONSE 200
[debug] [2019-11-19T04:44:56.235Z] >>> HTTP REQUEST POST https://firebasehosting.googleapis.com/v1beta1/sites/blog-cfb61/versions  

[debug] [2019-11-19T04:44:57.915Z] <<< HTTP RESPONSE 200
[info] i  functions: preparing functions directory for uploading...
[debug] [2019-11-19T04:44:57.918Z] >>> HTTP REQUEST GET https://runtimeconfig.googleapis.com/v1beta1/projects/blog-cfb61/configs  
 
[debug] [2019-11-19T04:44:58.321Z] <<< HTTP RESPONSE 200
[info] i  functions: packaged functions (35.08 KB) for uploading
[debug] [2019-11-19T04:44:58.540Z] >>> HTTP REQUEST POST https://cloudfunctions.googleapis.com/v1/projects/blog-cfb61/locations/us-central1/functions:generateUploadUrl  
 
[debug] [2019-11-19T04:44:59.494Z] <<< HTTP RESPONSE 200
[debug] [2019-11-19T04:44:59.495Z] >>> HTTP REQUEST PUT https://storage.googleapis.com/gcf-upload-us-central1-af1ab980-e749-4302-936e-a0057c3c57d3/da14bc3b-b757-4065-90dc-3350f8aaae16.zip?GoogleAccessId=service-1062789889080@gcf-admin-robot.iam.gserviceaccount.com&Expires=1574140499&Signature=uob5YV5AqpyDRnaU7RyDW1QTVfTGrHjhR%2FDVjWpp%2BFuVngt92LZkBjrWfWdpAkxKJV7%2B23setcXRl42yCnmJ079W4wbYOAjP2mPqNZUzzgPuA0fRda48dm7N6mAC%2FNcLK37RJ6Fs%2FbEMQpRsQAAjSoAAbg6c1YgKnX8rRON27S67hY%2B1v56Vlx591kI4RyFxLzdtFoU8Q5sJmnQ6KmS%2BwJZ9wM4mQe4DrQfW8SJerY99N55%2BADQkM1g3KqAYdtGr39KHvrCJ45vkiYhQuqLHhCBHORnnLaSflvyAB31M8rdcBR9lYHN1csi9EDYjtDkort3LaVgO6wQxjzBW8EhLaA%3D%3D  

[debug] [2019-11-19T04:44:59.877Z] <<< HTTP RESPONSE 200
[info] ✔  functions: functions folder uploaded successfully
[info] i  hosting[blog-cfb61]: beginning deploy...
[info] i  hosting[blog-cfb61]: found 58 files in public
[debug] [2019-11-19T04:44:59.904Z] [hosting] hash cache [cHVibGlj] load error: lines is not defined
[debug] [2019-11-19T04:44:59.994Z] [hosting] hash cache [cHVibGlj] stored for 58 files
[debug] [2019-11-19T04:44:59.994Z] [hosting][hash queue][FINAL]
[debug] [2019-11-19T04:44:59.994Z] >>> HTTP REQUEST POST https://firebasehosting.googleapis.com/v1beta1/sites/blog-cfb61/versions/094b5bf1359e101e:populateFiles  
 <request body omitted>
[debug] [2019-11-19T04:45:02.523Z] <<< HTTP RESPONSE 200
[debug] [2019-11-19T04:45:02.524Z] [hosting][populate queue][FINAL]
[debug] [2019-11-19T04:45:02.524Z] [hosting] uploads queued: 0
[debug] [2019-11-19T04:45:02.524Z] [hosting][upload queue][FINAL]
[info] ✔  hosting[blog-cfb61]: file upload complete
[debug] [2019-11-19T04:45:02.524Z] [hosting] deploy completed after 2646ms
[debug] [2019-11-19T04:45:02.621Z] >>> HTTP REQUEST GET https://cloudfunctions.googleapis.com/v1/projects/blog-cfb61/locations/-/functions  
 
[debug] [2019-11-19T04:45:03.051Z] <<< HTTP RESPONSE 200
[info] i  functions: updating Node.js 8 function requestHandler(us-central1)...
[debug] [2019-11-19T04:45:03.054Z] Trigger is:  {"httpsTrigger":{}}
[debug] [2019-11-19T04:45:03.056Z] >>> HTTP REQUEST PATCH https://cloudfunctions.googleapis.com/v1/projects/blog-cfb61/locations/us-central1/functions/requestHandler {"updateMask":"sourceUploadUrl,name,labels,runtime,httpsTrigger"} 

[debug] [2019-11-19T04:45:03.557Z] <<< HTTP RESPONSE 200
[debug] [2019-11-19T04:45:03.559Z] >>> HTTP REQUEST GET https://cloudfunctions.googleapis.com/v1/projects/blog-cfb61/locations/-/functions  
 
[debug] [2019-11-19T04:45:03.942Z] <<< HTTP RESPONSE 200
[debug] [2019-11-19T04:45:03.943Z] >>> HTTP REQUEST GET https://cloudfunctions.googleapis.com/v1/operations/YmxvZy1jZmI2MS91cy1jZW50cmFsMS9yZXF1ZXN0SGFuZGxlci9SRkJSSlYybDBqSQ  
 
[debug] [2019-11-19T04:45:04.218Z] <<< HTTP RESPONSE 200
[debug] [2019-11-19T04:45:06.224Z] >>> HTTP REQUEST GET https://cloudfunctions.googleapis.com/v1/operations/YmxvZy1jZmI2MS91cy1jZW50cmFsMS9yZXF1ZXN0SGFuZGxlci9SRkJSSlYybDBqSQ  
 
[debug] [2019-11-19T04:45:06.517Z] <<< HTTP RESPONSE 200
[debug] [2019-11-19T04:45:08.521Z] > refreshing access token with scopes: ["email","https://www.googleapis.com/auth/cloud-platform","https://www.googleapis.com/auth/cloudplatformprojects.readonly","https://www.googleapis.com/auth/firebase","openid"]
[debug] [2019-11-19T04:45:08.521Z] >>> HTTP REQUEST POST https://www.googleapis.com/oauth2/v3/token  
 <request body omitted>
[debug] [2019-11-19T04:45:08.704Z] <<< HTTP RESPONSE 200
[debug] [2019-11-19T04:45:08.722Z] >>> HTTP REQUEST GET https://cloudfunctions.googleapis.com/v1/operations/YmxvZy1jZmI2MS91cy1jZW50cmFsMS9yZXF1ZXN0SGFuZGxlci9SRkJSSlYybDBqSQ  
 
[debug] [2019-11-19T04:45:09.037Z] <<< HTTP RESPONSE 200
[debug] [2019-11-19T04:45:11.041Z] >>> HTTP REQUEST GET https://cloudfunctions.googleapis.com/v1/operations/YmxvZy1jZmI2MS91cy1jZW50cmFsMS9yZXF1ZXN0SGFuZGxlci9SRkJSSlYybDBqSQ  
 
[debug] [2019-11-19T04:45:11.299Z] <<< HTTP RESPONSE 200
[debug] [2019-11-19T04:45:13.302Z] >>> HTTP REQUEST GET https://cloudfunctions.googleapis.com/v1/operations/YmxvZy1jZmI2MS91cy1jZW50cmFsMS9yZXF1ZXN0SGFuZGxlci9SRkJSSlYybDBqSQ  
 
[debug] [2019-11-19T04:45:13.570Z] <<< HTTP RESPONSE 200
[debug] [2019-11-19T04:45:15.572Z] >>> HTTP REQUEST GET https://cloudfunctions.googleapis.com/v1/operations/YmxvZy1jZmI2MS91cy1jZW50cmFsMS9yZXF1ZXN0SGFuZGxlci9SRkJSSlYybDBqSQ  
 
[debug] [2019-11-19T04:45:15.829Z] <<< HTTP RESPONSE 200
[debug] [2019-11-19T04:45:17.830Z] >>> HTTP REQUEST GET https://cloudfunctions.googleapis.com/v1/operations/YmxvZy1jZmI2MS91cy1jZW50cmFsMS9yZXF1ZXN0SGFuZGxlci9SRkJSSlYybDBqSQ  
 
[debug] [2019-11-19T04:45:18.190Z] <<< HTTP RESPONSE 200
[debug] [2019-11-19T04:45:20.193Z] >>> HTTP REQUEST GET https://cloudfunctions.googleapis.com/v1/operations/YmxvZy1jZmI2MS91cy1jZW50cmFsMS9yZXF1ZXN0SGFuZGxlci9SRkJSSlYybDBqSQ  
 
[debug] [2019-11-19T04:45:20.546Z] <<< HTTP RESPONSE 200
[debug] [2019-11-19T04:45:22.549Z] >>> HTTP REQUEST GET https://cloudfunctions.googleapis.com/v1/operations/YmxvZy1jZmI2MS91cy1jZW50cmFsMS9yZXF1ZXN0SGFuZGxlci9SRkJSSlYybDBqSQ  
 
[debug] [2019-11-19T04:45:22.901Z] <<< HTTP RESPONSE 200
[debug] [2019-11-19T04:45:24.905Z] >>> HTTP REQUEST GET https://cloudfunctions.googleapis.com/v1/operations/YmxvZy1jZmI2MS91cy1jZW50cmFsMS9yZXF1ZXN0SGFuZGxlci9SRkJSSlYybDBqSQ  
 
[debug] [2019-11-19T04:45:25.256Z] <<< HTTP RESPONSE 200
[debug] [2019-11-19T04:45:27.259Z] >>> HTTP REQUEST GET https://cloudfunctions.googleapis.com/v1/operations/YmxvZy1jZmI2MS91cy1jZW50cmFsMS9yZXF1ZXN0SGFuZGxlci9SRkJSSlYybDBqSQ  
 
[debug] [2019-11-19T04:45:27.611Z] <<< HTTP RESPONSE 200
[debug] [2019-11-19T04:45:29.614Z] >>> HTTP REQUEST GET https://cloudfunctions.googleapis.com/v1/operations/YmxvZy1jZmI2MS91cy1jZW50cmFsMS9yZXF1ZXN0SGFuZGxlci9SRkJSSlYybDBqSQ  
 
[debug] [2019-11-19T04:45:29.882Z] <<< HTTP RESPONSE 200
[debug] [2019-11-19T04:45:31.885Z] >>> HTTP REQUEST GET https://cloudfunctions.googleapis.com/v1/operations/YmxvZy1jZmI2MS91cy1jZW50cmFsMS9yZXF1ZXN0SGFuZGxlci9SRkJSSlYybDBqSQ  
 
[debug] [2019-11-19T04:45:32.219Z] <<< HTTP RESPONSE 200
[debug] [2019-11-19T04:45:34.222Z] >>> HTTP REQUEST GET https://cloudfunctions.googleapis.com/v1/operations/YmxvZy1jZmI2MS91cy1jZW50cmFsMS9yZXF1ZXN0SGFuZGxlci9SRkJSSlYybDBqSQ  
 
[debug] [2019-11-19T04:45:34.484Z] <<< HTTP RESPONSE 200
[debug] [2019-11-19T04:45:36.486Z] >>> HTTP REQUEST GET https://cloudfunctions.googleapis.com/v1/operations/YmxvZy1jZmI2MS91cy1jZW50cmFsMS9yZXF1ZXN0SGFuZGxlci9SRkJSSlYybDBqSQ  
 
[debug] [2019-11-19T04:45:36.744Z] <<< HTTP RESPONSE 200
[debug] [2019-11-19T04:45:38.747Z] >>> HTTP REQUEST GET https://cloudfunctions.googleapis.com/v1/operations/YmxvZy1jZmI2MS91cy1jZW50cmFsMS9yZXF1ZXN0SGFuZGxlci9SRkJSSlYybDBqSQ  
 
[debug] [2019-11-19T04:45:39.080Z] <<< HTTP RESPONSE 200
[debug] [2019-11-19T04:45:41.086Z] >>> HTTP REQUEST GET https://cloudfunctions.googleapis.com/v1/operations/YmxvZy1jZmI2MS91cy1jZW50cmFsMS9yZXF1ZXN0SGFuZGxlci9SRkJSSlYybDBqSQ  
 
[debug] [2019-11-19T04:45:41.356Z] <<< HTTP RESPONSE 200
[debug] [2019-11-19T04:45:43.356Z] >>> HTTP REQUEST GET https://cloudfunctions.googleapis.com/v1/operations/YmxvZy1jZmI2MS91cy1jZW50cmFsMS9yZXF1ZXN0SGFuZGxlci9SRkJSSlYybDBqSQ  
 
[debug] [2019-11-19T04:45:43.636Z] <<< HTTP RESPONSE 200
[debug] [2019-11-19T04:45:45.641Z] >>> HTTP REQUEST GET https://cloudfunctions.googleapis.com/v1/operations/YmxvZy1jZmI2MS91cy1jZW50cmFsMS9yZXF1ZXN0SGFuZGxlci9SRkJSSlYybDBqSQ  
 
[debug] [2019-11-19T04:45:45.915Z] <<< HTTP RESPONSE 200
[debug] [2019-11-19T04:45:47.919Z] >>> HTTP REQUEST GET https://cloudfunctions.googleapis.com/v1/operations/YmxvZy1jZmI2MS91cy1jZW50cmFsMS9yZXF1ZXN0SGFuZGxlci9SRkJSSlYybDBqSQ  
 
[debug] [2019-11-19T04:45:48.196Z] <<< HTTP RESPONSE 200
[debug] [2019-11-19T04:45:50.203Z] >>> HTTP REQUEST GET https://cloudfunctions.googleapis.com/v1/operations/YmxvZy1jZmI2MS91cy1jZW50cmFsMS9yZXF1ZXN0SGFuZGxlci9SRkJSSlYybDBqSQ  
 
[debug] [2019-11-19T04:45:50.462Z] <<< HTTP RESPONSE 200
[debug] [2019-11-19T04:45:52.469Z] >>> HTTP REQUEST GET https://cloudfunctions.googleapis.com/v1/operations/YmxvZy1jZmI2MS91cy1jZW50cmFsMS9yZXF1ZXN0SGFuZGxlci9SRkJSSlYybDBqSQ  
 
[debug] [2019-11-19T04:45:52.802Z] <<< HTTP RESPONSE 200
[debug] [2019-11-19T04:45:54.805Z] >>> HTTP REQUEST GET https://cloudfunctions.googleapis.com/v1/operations/YmxvZy1jZmI2MS91cy1jZW50cmFsMS9yZXF1ZXN0SGFuZGxlci9SRkJSSlYybDBqSQ  
 
[debug] [2019-11-19T04:45:55.157Z] <<< HTTP RESPONSE 200
[debug] [2019-11-19T04:45:57.158Z] >>> HTTP REQUEST GET https://cloudfunctions.googleapis.com/v1/operations/YmxvZy1jZmI2MS91cy1jZW50cmFsMS9yZXF1ZXN0SGFuZGxlci9SRkJSSlYybDBqSQ  
 
[debug] [2019-11-19T04:45:57.512Z] <<< HTTP RESPONSE 200
[debug] [2019-11-19T04:45:59.517Z] >>> HTTP REQUEST GET https://cloudfunctions.googleapis.com/v1/operations/YmxvZy1jZmI2MS91cy1jZW50cmFsMS9yZXF1ZXN0SGFuZGxlci9SRkJSSlYybDBqSQ  
 
[debug] [2019-11-19T04:45:59.868Z] <<< HTTP RESPONSE 200
[debug] [2019-11-19T04:46:01.873Z] >>> HTTP REQUEST GET https://cloudfunctions.googleapis.com/v1/operations/YmxvZy1jZmI2MS91cy1jZW50cmFsMS9yZXF1ZXN0SGFuZGxlci9SRkJSSlYybDBqSQ  
 
[debug] [2019-11-19T04:46:02.223Z] <<< HTTP RESPONSE 200
[debug] [2019-11-19T04:46:04.224Z] >>> HTTP REQUEST GET https://cloudfunctions.googleapis.com/v1/operations/YmxvZy1jZmI2MS91cy1jZW50cmFsMS9yZXF1ZXN0SGFuZGxlci9SRkJSSlYybDBqSQ  
 
[debug] [2019-11-19T04:46:04.496Z] <<< HTTP RESPONSE 200
